<?xml version="1.0" encoding="UTF-8"?>
<!-- Generated by org.testng.reporters.JUnitXMLReporter -->
<testsuite ignored="0" hostname="AshX" failures="1" tests="2" name="Test" time="17.726" errors="0" timestamp="2024-10-20T15:41:50 IST">
  <testcase classname="testCases.TC_001_AccountRegistrationTest" name="verify_account_registration" time="1.474"/>
  <testcase classname="testCases.TC_002_LoginTest" name="verify_login" time="10.723">
    <failure type="java.lang.AssertionError" message="Login failed expected [true] but found [false]">
      <![CDATA[java.lang.AssertionError: Login failed expected [true] but found [false]
at testCases.TC_002_LoginTest.verify_login(TC_002_LoginTest.java:41)
at java.base/java.util.ArrayList.forEach(ArrayList.java:1596)
... Removed 31 stack frames]]>
    </failure>
  </testcase> <!-- verify_login -->
</testsuite> <!-- Test -->
